#
# There is insufficient memory for the Java Runtime Environment to continue.
# Native memory allocation (mmap) failed to map 132120576 bytes for Failed to commit area from 0x0000000082000000 to 0x0000000089e00000 of length 132120576.
# Possible reasons:
#   The system is out of physical RAM or swap space
#   The process is running with CompressedOops enabled, and the Java Heap may be blocking the growth of the native heap
# Possible solutions:
#   Reduce memory load on the system
#   Increase physical memory or swap space
#   Check if swap backing store is full
#   Decrease Java heap size (-Xmx/-Xms)
#   Decrease number of Java threads
#   Decrease Java thread stack sizes (-Xss)
#   Set larger code cache with -XX:ReservedCodeCacheSize=
# This output file may be truncated or incomplete.
#
#  Out of Memory Error (./open/src/hotspot/os/windows/os_windows.cpp:3287), pid=10316, tid=6320
#
# JRE version:  (11.0.16+11) (build )
# Java VM: Java HotSpot(TM) 64-Bit Server VM (11.0.16+11-LTS-199, mixed mode, sharing, tiered, compressed oops, g1 gc, windows-amd64)
# No core dump will be written. Minidumps are not enabled by default on client versions of Windows
#

---------------  S U M M A R Y ------------

Command Line: -javaagent:C:\Program Files\JetBrains\IntelliJ IDEA Community Edition 2022.1.3\lib\idea_rt.jar=54449:C:\Program Files\JetBrains\IntelliJ IDEA Community Edition 2022.1.3\bin -Dfile.encoding=UTF-8 core.basesyntax.Application

Host: Intel(R) Core(TM) i5-8250U CPU @ 1.60GHz, 8 cores, 7G,  Windows 10 , 64 bit Build 19041 (10.0.19041.1806)
Time: Wed Jul 27 10:29:14 2022 FLE Daylight Time elapsed time: 0.015824 seconds (0d 0h 0m 0s)

---------------  T H R E A D  ---------------

Current thread (0x000001f9b3dc6800):  JavaThread "Unknown thread" [_thread_in_vm, id=6320, stack(0x00000075da100000,0x00000075da200000)]

Stack: [0x00000075da100000,0x00000075da200000]
Native frames: (J=compiled Java code, j=interpreted, Vv=VM code, C=native code)
V  [jvm.dll+0x62a3ea]
V  [jvm.dll+0x76418f]
V  [jvm.dll+0x765839]
V  [jvm.dll+0x765ec3]
V  [jvm.dll+0x23da98]
V  [jvm.dll+0x62770a]
V  [jvm.dll+0x61c475]
V  [jvm.dll+0x2f2aac]
V  [jvm.dll+0x2f2932]
V  [jvm.dll+0x2f7656]
V  [jvm.dll+0x33a1cf]
V  [jvm.dll+0x339c00]
V  [jvm.dll+0x2d00c8]
V  [jvm.dll+0x2d1236]
V  [jvm.dll+0x73e757]
V  [jvm.dll+0x73ffef]
V  [jvm.dll+0x346ef9]
V  [jvm.dll+0x723f90]
V  [jvm.dll+0x3b5adf]
V  [jvm.dll+0x3b7bf1]
C  [jli.dll+0x5207]
C  [ucrtbase.dll+0x21bb2]
C  [KERNEL32.DLL+0x17034]
C  [ntdll.dll+0x52651]


---------------  P R O C E S S  ---------------

Threads class SMR info:
_java_thread_list=0x000001f9b2411480, length=0, elements={
}

Java Threads: ( => current thread )

Other Threads:
  0x000001f9b3ddc000 GCTaskThread "GC Thread#0" [stack: 0x00000075da200000,0x00000075da300000] [id=14292]
  0x000001f9b3e0d800 ConcurrentGCThread "G1 Main Marker" [stack: 0x00000075da300000,0x00000075da400000] [id=3892]
  0x000001f9b3e0f800 ConcurrentGCThread "G1 Conc#0" [stack: 0x00000075da400000,0x00000075da500000] [id=1132]

[error occurred during error reporting (printing all threads), id 0xc0000005, EXCEPTION_ACCESS_VIOLATION (0xc0000005) at pc=0x00007ffb41f5f357]

VM state:not at safepoint (not fully initialized)

VM Mutex/Monitor currently owned by a thread:  ([mutex/lock_event])
[0x000001f9b3dc41d0] Heap_lock - owner thread: 0x000001f9b3dc6800

Heap address: 0x0000000082000000, size: 2016 MB, Compressed Oops mode: Non-zero based: 0x0000000082000000
Narrow klass base: 0x0000000000000000, Narrow klass shift: 0

GC Heap History (0 events):
No events

Deoptimization events (0 events):
No events

Classes redefined (0 events):
No events

Internal exceptions (0 events):
No events

Events (0 events):
No events


Dynamic libraries:
0x00007ff634020000 - 0x00007ff63402f000 	C:\Program Files\Java\jdk-11.0.16\bin\java.exe
0x00007ffbc15d0000 - 0x00007ffbc17c8000 	C:\WINDOWS\SYSTEM32\ntdll.dll
0x00007ffbbfa50000 - 0x00007ffbbfb0d000 	C:\WINDOWS\System32\KERNEL32.DLL
0x00007ffbbeec0000 - 0x00007ffbbf18e000 	C:\WINDOWS\System32\KERNELBASE.dll
0x00007ffbbf240000 - 0x00007ffbbf340000 	C:\WINDOWS\System32\ucrtbase.dll
0x00007ffbb4c20000 - 0x00007ffbb4c38000 	C:\Program Files\Java\jdk-11.0.16\bin\jli.dll
0x00007ffbb4bc0000 - 0x00007ffbb4bd5000 	C:\Program Files\Java\jdk-11.0.16\bin\VCRUNTIME140.dll
0x00007ffbc0630000 - 0x00007ffbc06de000 	C:\WINDOWS\System32\ADVAPI32.dll
0x00007ffbc12d0000 - 0x00007ffbc136e000 	C:\WINDOWS\System32\msvcrt.dll
0x00007ffbbf630000 - 0x00007ffbbf6cc000 	C:\WINDOWS\System32\sechost.dll
0x00007ffbc13d0000 - 0x00007ffbc14f5000 	C:\WINDOWS\System32\RPCRT4.dll
0x00007ffbbf880000 - 0x00007ffbbfa20000 	C:\WINDOWS\System32\USER32.dll
0x00007ffba9980000 - 0x00007ffba9c1a000 	C:\WINDOWS\WinSxS\amd64_microsoft.windows.common-controls_6595b64144ccf1df_6.0.19041.1110_none_60b5254171f9507e\COMCTL32.dll
0x00007ffbbf340000 - 0x00007ffbbf362000 	C:\WINDOWS\System32\win32u.dll
0x00007ffbbfa20000 - 0x00007ffbbfa4a000 	C:\WINDOWS\System32\GDI32.dll
0x00007ffbbf520000 - 0x00007ffbbf62b000 	C:\WINDOWS\System32\gdi32full.dll
0x00007ffbbed20000 - 0x00007ffbbedbd000 	C:\WINDOWS\System32\msvcp_win.dll
0x00007ffbb80b0000 - 0x00007ffbb80ba000 	C:\WINDOWS\SYSTEM32\VERSION.dll
0x00007ffbc1240000 - 0x00007ffbc1270000 	C:\WINDOWS\System32\IMM32.DLL
0x00007ffb73480000 - 0x00007ffb7351b000 	C:\Program Files\Java\jdk-11.0.16\bin\msvcp140.dll
0x00007ffb41c80000 - 0x00007ffb42798000 	C:\Program Files\Java\jdk-11.0.16\bin\server\jvm.dll
0x00007ffbc0fe0000 - 0x00007ffbc0fe8000 	C:\WINDOWS\System32\PSAPI.DLL
0x00007ffba8d30000 - 0x00007ffba8d57000 	C:\WINDOWS\SYSTEM32\WINMM.dll
0x00007ffbba210000 - 0x00007ffbba219000 	C:\WINDOWS\SYSTEM32\WSOCK32.dll
0x00007ffbbfba0000 - 0x00007ffbbfc0b000 	C:\WINDOWS\System32\WS2_32.dll
0x00007ffbbd5b0000 - 0x00007ffbbd5c2000 	C:\WINDOWS\SYSTEM32\kernel.appcore.dll
0x00007ffbb6100000 - 0x00007ffbb6110000 	C:\Program Files\Java\jdk-11.0.16\bin\verify.dll
0x00007ffbbcb00000 - 0x00007ffbbcce4000 	C:\WINDOWS\SYSTEM32\DBGHELP.DLL
0x00007ffbaa370000 - 0x00007ffbaa39c000 	C:\WINDOWS\SYSTEM32\dbgcore.DLL
0x00007ffbbee30000 - 0x00007ffbbeeb2000 	C:\WINDOWS\System32\bcryptPrimitives.dll
0x00007ffba0110000 - 0x00007ffba0138000 	C:\Program Files\Java\jdk-11.0.16\bin\java.dll
0x00007ffba96f0000 - 0x00007ffba96fa000 	C:\Program Files\Java\jdk-11.0.16\bin\jimage.dll
0x00007ffbba180000 - 0x00007ffbba18e000 	C:\Program Files\Java\jdk-11.0.16\bin\instrument.dll
0x00007ffba65c0000 - 0x00007ffba65d6000 	C:\Program Files\Java\jdk-11.0.16\bin\zip.dll

dbghelp: loaded successfully - version: 4.0.5 - missing functions: none
symbol engine: initialized successfully - sym options: 0x614 - pdb path: .;C:\Program Files\Java\jdk-11.0.16\bin;C:\WINDOWS\SYSTEM32;C:\WINDOWS\WinSxS\amd64_microsoft.windows.common-controls_6595b64144ccf1df_6.0.19041.1110_none_60b5254171f9507e;C:\Program Files\Java\jdk-11.0.16\bin\server

VM Arguments:
jvm_args: -javaagent:C:\Program Files\JetBrains\IntelliJ IDEA Community Edition 2022.1.3\lib\idea_rt.jar=54449:C:\Program Files\JetBrains\IntelliJ IDEA Community Edition 2022.1.3\bin -Dfile.encoding=UTF-8 
java_command: core.basesyntax.Application
java_class_path (initial): C:\Users\zovte\IdeaProjects\jv-lottery1\target\classes
Launcher Type: SUN_STANDARD

[Global flags]
     intx CICompilerCount                          = 4                                         {product} {ergonomic}
     uint ConcGCThreads                            = 2                                         {product} {ergonomic}
     uint G1ConcRefinementThreads                  = 8                                         {product} {ergonomic}
   size_t G1HeapRegionSize                         = 1048576                                   {product} {ergonomic}
    uintx GCDrainStackTargetSize                   = 64                                        {product} {ergonomic}
   size_t InitialHeapSize                          = 132120576                                 {product} {ergonomic}
   size_t MarkStackSize                            = 4194304                                   {product} {ergonomic}
   size_t MaxHeapSize                              = 2113929216                                {product} {ergonomic}
   size_t MinHeapDeltaBytes                        = 1048576                                   {product} {ergonomic}
    uintx NonNMethodCodeHeapSize                   = 5836300                                {pd product} {ergonomic}
    uintx NonProfiledCodeHeapSize                  = 122910970                              {pd product} {ergonomic}
    uintx ProfiledCodeHeapSize                     = 122910970                              {pd product} {ergonomic}
    uintx ReservedCodeCacheSize                    = 251658240                              {pd product} {ergonomic}
     bool SegmentedCodeCache                       = true                                      {product} {ergonomic}
     bool UseCompressedClassPointers               = true                                 {lp64_product} {ergonomic}
     bool UseCompressedOops                        = true                                 {lp64_product} {ergonomic}
     bool UseG1GC                                  = true                                      {product} {ergonomic}
     bool UseLargePagesIndividualAllocation        = false                                  {pd product} {ergonomic}

Logging:
Log output configuration:
 #0: stdout all=warning uptime,level,tags
 #1: stderr all=off uptime,level,tags

Environment Variables:
JAVA_HOME=C:\Program Files\Java\jdk1.8.0_333
PATH=C:\Program Files\Common Files\Oracle\Java\javapath;C:\Program Files\PHP\v7.3;C:\Program Files (x86)\Common Files\Oracle\Java\javapath;C:\WINDOWS\system32;C:\WINDOWS;C:\WINDOWS\System32\Wbem;C:\WINDOWS\System32\WindowsPowerShell\v1.0\;C:\WINDOWS\System32\OpenSSH\;C:\Program Files\dotnet\;C:\Program Files\Microsoft SQL Server\Client SDK\ODBC\170\Tools\Binn\;C:\Program Files (x86)\Microsoft SQL Server\150\Tools\Binn\;C:\Program Files\Microsoft SQL Server\150\Tools\Binn\;C:\Program Files\Microsoft SQL Server\150\DTS\Binn\;C:\Program Files\MySQL\MySQL Shell 8.0\bin\;C:\Users\zovte\AppData\Local\Microsoft\WindowsApps;C:\Users\zovte\.dotnet\tools;C:\Program Files\Microsoft\Web Platform Installer\;C:\Program Files\Java\jdk1.8.0_333\apache-maven-3.8.6\bin;C:\Program Files\Git\cmd;C:\Program Files\MySQL\MySQL Shell 8.0\bin\;C:\Users\zovte\AppData\Local\Microsoft\WindowsApps;C:\Users\zovte\.dotnet\tools;C:\Program Files\Java\jdk1.8.0_333\bin;;C:\Users\zovte\AppData\Local\Programs\Microsoft VS Code\bin
USERNAME=zovte
OS=Windows_NT
PROCESSOR_IDENTIFIER=Intel64 Family 6 Model 142 Stepping 10, GenuineIntel



---------------  S Y S T E M  ---------------

OS: Windows 10 , 64 bit Build 19041 (10.0.19041.1806)

CPU:total 8 (initial active 8) (4 cores per cpu, 2 threads per core) family 6 model 142 stepping 10 microcode 0xb4, cmov, cx8, fxsr, mmx, sse, sse2, sse3, ssse3, sse4.1, sse4.2, popcnt, avx, avx2, aes, clmul, erms, 3dnowpref, lzcnt, ht, tsc, tscinvbit, bmi1, bmi2, adx, fma

Memory: 4k page, system-wide physical 8057M (1607M free)
TotalPageFile size 10105M (AvailPageFile size 101M)
current process WorkingSet (physical memory assigned to process): 10M, peak: 10M
current process commit charge ("private bytes"): 60M, peak: 186M

vm_info: Java HotSpot(TM) 64-Bit Server VM (11.0.16+11-LTS-199) for windows-amd64 JRE (11.0.16+11-LTS-199), built on Jun 28 2022 08:23:17 by "mach5one" with MS VC++ 15.9 (VS2017)

END.
